<?xml version="1.0" encoding="UTF-8"?>
<testsuite name="commands.ListStockCommandTest" tests="1" skipped="0" failures="0" errors="0" timestamp="2020-04-11T00:27:06" hostname="Ganeshs-MacBook-Pro.local" time="0.007">
  <properties/>
  <testcase name="execute_executeListCommand_executeNormally()" classname="commands.ListStockCommandTest" time="0.007"/>
  <system-out><![CDATA[]]></system-out>
  <system-err><![CDATA[]]></system-err>
</testsuite>
