<?xml version="1.0" encoding="UTF-8"?>
<testsuite name="sales.SalesTest" tests="5" skipped="0" failures="0" errors="0" timestamp="2020-04-11T00:27:06" hostname="Ganeshs-MacBook-Pro.local" time="0.034">
  <properties/>
  <testcase name="testTotalProfit()" classname="sales.SalesTest" time="0.026"/>
  <testcase name="testAddSale1()" classname="sales.SalesTest" time="0.001"/>
  <testcase name="testAddSale2()" classname="sales.SalesTest" time="0.001"/>
  <testcase name="testPopularDishAndProfit()" classname="sales.SalesTest" time="0.004"/>
  <testcase name="testNoDish()" classname="sales.SalesTest" time="0.001"/>
  <system-out><![CDATA[Dish bacon pizza successfully added.
Dish chicken biryani successfully added.
Dish pasta with chicken successfully added.
Dish bacon flatbread successfully added.
The total profit for the day is: $272.1
Dish bacon pizza successfully added.
Dish bacon successfully added.
Dish pasta successfully added.
Dish bacon pizza successfully added.
Dish bacon successfully added.
Dish doesn't exist
Dish bacon pizza successfully added.
Dish chicken biryani successfully added.
Dish pasta with chicken successfully added.
Dish bacon flatbread successfully added.
The total profit for the day is: $272.1
The most popular dish today is: pasta with chicken
This has sales of: 20
The total profit for the day is: $0.0
There are no dishes
]]></system-out>
  <system-err><![CDATA[]]></system-err>
</testsuite>
