<?xml version="1.0" encoding="UTF-8"?>
<testsuite name="profit.ProfitTest" tests="4" skipped="0" failures="0" errors="0" timestamp="2020-04-11T00:27:06" hostname="Ganeshs-MacBook-Pro.local" time="0.006">
  <properties/>
  <testcase name="profitTestA()" classname="profit.ProfitTest" time="0.002"/>
  <testcase name="profitTestB()" classname="profit.ProfitTest" time="0.002"/>
  <testcase name="profitTestC()" classname="profit.ProfitTest" time="0.001"/>
  <testcase name="profitTestD()" classname="profit.ProfitTest" time="0.0"/>
  <system-out><![CDATA[Dish bacon pizza successfully added.
Dish chicken biryani successfully added.
Dish pasta with chicken successfully added.
Dish bacon flatbread successfully added.
Dish bacon pizza successfully added.
Profit is <= 0
Dish chicken biryani successfully added.
Profit is <= 0
Dish pasta with chicken successfully added.
Profit is <= 0
Dish bacon flatbread successfully added.
Profit is <= 0
Dish bacon pizza successfully added.
Stock for an ingredient is empty
Dish bacon flatbread successfully added.
Stock doesn't contain at least one ingredient
]]></system-out>
  <system-err><![CDATA[]]></system-err>
</testsuite>
